Jun-04-24	10:28 AM
12

Cash Paid: $35
Change: $0.62
----------------------------
Jun-04-24	10:30 AM
12

Cash Paid: $100
Change: $99.99
----------------------------
Jun-04-24	11:00 AM
12

Cash Paid: $0
Change: $0
----------------------------
Jun-04-24	12:23 PM
12

Cash Paid: $0
Change: $0
----------------------------
Jun-04-24	12:24 PM
12

Cash Paid: $0
Change: $0
----------------------------
Jun-04-24	12:27 PM
12

Cash Paid: $0
Change: $0
----------------------------
Jun-04-24	12:29 PM
12

Cash Paid: $0
Change: $0
----------------------------
Jun-04-24	1:32 PM
12

Cash Paid: $0
Change: $0
----------------------------
Jun-04-24	1:38 PM
12

Cash Paid: $0
Change: $0
----------------------------
Jun-04-24	1:44 PM
12

Cash Paid: $0
Change: $0
----------------------------
Jun-04-24	1:45 PM
12

Cash Paid: $0
Change: $0
----------------------------
Jun-04-24	1:46 PM
12

Cash Paid: $0
Change: $0
----------------------------
Jun-04-24	1:46 PM
12

Cash Paid: $0
Change: $0
----------------------------
Jun-04-24	1:48 PM
12

Cash Paid: $0
Change: $0
----------------------------
Jun-04-24	1:58 PM
12

Cash Paid: $0
Change: $0
----------------------------
Jun-04-24	2:00 PM
12

Cash Paid: $0
Change: $0
----------------------------
Jun-04-24	2:02 PM
12

Cash Paid: $0
Change: $0
----------------------------
Jun-04-24	2:04 PM
12

Cash Paid: $0
Change: $0
----------------------------
Jun-04-24	2:05 PM
12

Cash Paid: $0
Change: $0
----------------------------
Jun-04-24	2:07 PM
12

Cash Paid: $0
Change: $0
----------------------------
Jun-04-24	2:32 PM
12

Cash Paid: $0
Change: $0
----------------------------
Jun-04-24	2:35 PM
12

Cash Paid: $0
Change: $2.62
----------------------------
Jun-04-24	2:56 PM
12

Cash Paid: $0
Change: $0
----------------------------
Jun-04-24	3:53 PM
12

Cash Paid: $0
Change: $0
----------------------------
Jun-04-24	3:55 PM
12

Cash Paid: $0
Change: $0
----------------------------
Jun-04-24	3:56 PM
12

Cash Paid: $0
Change: $0
----------------------------
Jun-04-24	3:58 PM
12

Cash Paid: $0
Change: $0
----------------------------
Jun-04-24	4:00 PM
12

Cash Paid: $0
Change: $0
----------------------------
Jun-04-24	4:01 PM
12

Cash Paid: $0
Change: $0
----------------------------
