Jun-05-24	9:03 AM
12

Cash Paid: $0
Change: $3.51
----------------------------
Jun-05-24	9:06 AM
12

Cash Paid: $0
Change: $0
----------------------------
Jun-05-24	9:07 AM
12

Cash Paid: $0
Change: $0
----------------------------
Jun-05-24	9:07 AM
12

Cash Paid: $0
Change: $0
----------------------------
Jun-05-24	9:12 AM
12

Cash Paid: $0
Change: $0
----------------------------
Jun-05-24	9:14 AM
12

Cash Paid: $0
Change: $0
----------------------------
Jun-05-24	9:53 AM
12

Cash Paid: $0
Change: $7.01
----------------------------
Jun-05-24	10:59 AM
12

Cash Paid: $0
Change: $0
----------------------------
Jun-05-24	12:23 PM
12

Cash Paid: $0
Change: $0
----------------------------
Jun-05-24	1:50 PM
12

Cash Paid: $0
Change: $7.01
----------------------------
Jun-05-24	1:52 PM
12

Cash Paid: $0
Change: $99.99
----------------------------
Jun-05-24	1:52 PM
12

Cash Paid: $0
Change: $0
----------------------------
Jun-05-24	1:53 PM
12

Cash Paid: $0
Change: $0
----------------------------
Jun-05-24	1:55 PM
12

Cash Paid: $0
Change: $0
----------------------------
Jun-05-24	1:58 PM
12

Cash Paid: $0
Change: $7.01
----------------------------
