Jun-09-24	2:03 PM
12

Cash Paid: $0
Change: $99
----------------------------
Jun-09-24	2:32 PM
12

Cash Paid: $0
Change: $0
Vendor: Visa
Card Number: 4111111111111111
----------------------------
Jun-09-24	2:54 PM
145453060924

Cash Paid: $0
Change: $10.99
Vendor: 4111111111111111
Card Number: Visa
----------------------------
Jun-09-24	2:55 PM
145556060924

Cash Paid: $0
Change: $0
Card Number: 4111111111111111
Vendor: Visa
Card Paid: $10.99
----------------------------
Jun-09-24	4:13 PM
161313060924

Cash Paid: $0
Change: $0
Card Number: 4111111111111111
Vendor: Visa
Card Paid: $0
----------------------------
Jun-09-24	4:14 PM
161425060924

Cash Paid: $0
Change: $0
Card Number: 4111111111111111
Vendor: Visa
Card Paid: $0
----------------------------
Jun-09-24	4:19 PM
161950060924

Cash Paid: $0
Change: $0
Card Number: 4111111111111111
Vendor: Visa
Card Paid: $7
----------------------------
Jun-09-24	4:24 PM
162403060924

Cash Paid: $0
Change: $0
Card Number: 4111111111111111
Vendor: Visa
Card Paid: $0
----------------------------
Jun-09-24	4:26 PM
162643060924

Cash Paid: $0
Change: $0
Card Number: 4111111111111111
Vendor: Visa
Card Paid: $3.4
----------------------------
Jun-09-24	4:30 PM
163011060924

Cash Paid: $0
Change: $0
Card Number: 4111111111111111
Vendor: Visa
Card Paid: $17
----------------------------
Jun-09-24	4:31 PM
163102060924

Cash Paid: $0
Change: $0
Card Number: 4111111111111111
Vendor: Visa
Card Paid: $0
----------------------------
Jun-09-24	4:35 PM
163526060924

Cash Paid: $0
Change: $38
Card Number: N/A
Vendor: N/A
Card Paid: $N/A
----------------------------
Jun-09-24	4:49 PM
164951060924

Cash Paid: $N/A
Change: $N/A
Card Number: 4111111111111111
Vendor: Visa
Card Paid: $0
----------------------------
Jun-09-24	5:00 PM
170049060924

Cash Paid: $20
Change: $5
Card Number: N/A
Vendor: N/A
Card Paid: $N/A
----------------------------
Jun-09-24	5:01 PM
170113060924

Cash Paid: $N/A
Change: $N/A
Card Number: 4111111111111111
Vendor: Visa
Card Paid: $30
----------------------------
Jun-09-24	5:04 PM
170432060924

Cash Paid: $N/A
Change: $N/A
Card Number: 4111111111111111
Vendor: Visa
Card Paid: $7.5
----------------------------
