May-29-24	9:55 AM
12

Cash Paid: $30
Change: $4.01

-------------------------------------May-29-24	9:55 AM
12

Cash Paid: $30
Change: $4.01

-------------------------------------May-29-24	9:58 AM
12

Cash Paid: $20
Change: $5
----------------------------
May-29-24	9:59 AM
12

Cash Paid: $25
Change: $3.01
----------------------------
May-29-24	10:44 AM
12

Cash Paid: $20
Change: $8
----------------------------
May-29-24	11:03 AM
12

Cash Paid: $10
Change: $0
----------------------------
May-29-24	11:03 AM
12

Cash Paid: $15
Change: $0
----------------------------
